<?xml version="1.0" encoding="UTF-8"?>
<!-- Generated by org.testng.reporters.JUnitReportReporter -->
<testsuite hostname="DESKTOP-VIEUAQD" failures="0" tests="1" name="testngImplementation.Organisation" time="26.911" errors="0" timestamp="2022-07-16T18:23:02 IST" skipped="0">
  <testcase classname="testngImplementation.Organisation" name="organisationwithIndustryAndType_test" time="26.911"/>
  <system-out/>
</testsuite> <!-- testngImplementation.Organisation -->
