<?xml version="1.0" encoding="UTF-8"?>
<!-- Generated by org.testng.reporters.JUnitReportReporter -->
<testsuite hostname="DESKTOP-VIEUAQD" failures="0" tests="1" name="testngImplementation.Products" time="18.784" errors="0" timestamp="2022-07-17T13:33:43 IST" skipped="0">
  <testcase classname="testngImplementation.Products" name="products_test" time="18.784"/>
  <system-out/>
</testsuite> <!-- testngImplementation.Products -->
