<?xml version="1.0" encoding="UTF-8"?>
<!-- Generated by org.testng.reporters.JUnitReportReporter -->
<testsuite hostname="DESKTOP-VIEUAQD" failures="0" tests="1" name="testngImplementation.Contact" time="35.434" errors="0" timestamp="2022-07-16T18:15:02 IST" skipped="0">
  <testcase classname="testngImplementation.Contact" name="createcontactwitOrganisation_test" time="35.434"/>
  <system-out/>
</testsuite> <!-- testngImplementation.Contact -->
