<?xml version="1.0" encoding="UTF-8"?>
<!-- Generated by org.testng.reporters.JUnitReportReporter -->
<testsuite hostname="DESKTOP-VIEUAQD" failures="0" tests="1" name="org.vtiger.practice.TestNGPractice" time="0.025" errors="0" timestamp="2022-07-12T15:08:38 IST" skipped="0">
  <testcase classname="org.vtiger.practice.TestNGPractice" name="testNGPractice" time="0.025"/>
  <system-out/>
</testsuite> <!-- org.vtiger.practice.TestNGPractice -->
