<?xml version="1.0" encoding="UTF-8"?>
<!-- Generated by org.testng.reporters.JUnitReportReporter -->
<testsuite hostname="DESKTOP-VIEUAQD" failures="0" tests="1" name="testngImplementation.Campaign" time="18.783" errors="0" timestamp="2022-07-18T09:44:17 IST" skipped="0">
  <testcase classname="testngImplementation.Campaign" name="campaignmodule_Test" time="18.783"/>
  <system-out/>
</testsuite> <!-- testngImplementation.Campaign -->
